{"name":"Log","hostname":"ngaoss-MacBook-Air.local","pid":88974,"level":30,"version":"5.81.0","msg":"Ghost is running in development...","time":"2024-03-29T08:56:29.194Z","v":0}
{"name":"Log","hostname":"ngaoss-MacBook-Air.local","pid":88974,"level":30,"version":"5.81.0","msg":"Listening on: 127.0.0.1:2369","time":"2024-03-29T08:56:29.195Z","v":0}
{"name":"Log","hostname":"ngaoss-MacBook-Air.local","pid":88974,"level":30,"version":"5.81.0","msg":"Url configured as: http://localhost:2369/","time":"2024-03-29T08:56:29.196Z","v":0}
{"name":"Log","hostname":"ngaoss-MacBook-Air.local","pid":88974,"level":30,"version":"5.81.0","msg":"Ctrl+C to shut down","time":"2024-03-29T08:56:29.196Z","v":0}
{"name":"Log","hostname":"ngaoss-MacBook-Air.local","pid":88974,"level":30,"version":"5.81.0","msg":"Ghost server started in 0.52s","time":"2024-03-29T08:56:29.197Z","v":0}
{"name":"Log","hostname":"ngaoss-MacBook-Air.local","pid":88974,"level":40,"version":"5.81.0","msg":"Database state requires initialisation.","time":"2024-03-29T08:56:29.410Z","v":0}
{"name":"Log","hostname":"ngaoss-MacBook-Air.local","pid":88974,"level":30,"version":"5.81.0","msg":"Creating table: newsletters","time":"2024-03-29T08:56:29.606Z","v":0}
{"name":"Log","hostname":"ngaoss-MacBook-Air.local","pid":88974,"level":30,"version":"5.81.0","msg":"Creating table: posts","time":"2024-03-29T08:56:29.636Z","v":0}
{"name":"Log","hostname":"ngaoss-MacBook-Air.local","pid":88974,"level":30,"version":"5.81.0","msg":"Creating table: posts_meta","time":"2024-03-29T08:56:29.668Z","v":0}
{"name":"Log","hostname":"ngaoss-MacBook-Air.local","pid":88974,"level":30,"version":"5.81.0","msg":"Creating table: users","time":"2024-03-29T08:56:29.671Z","v":0}
{"name":"Log","hostname":"ngaoss-MacBook-Air.local","pid":88974,"level":30,"version":"5.81.0","msg":"Creating table: posts_authors","time":"2024-03-29T08:56:29.673Z","v":0}
{"name":"Log","hostname":"ngaoss-MacBook-Air.local","pid":88974,"level":30,"version":"5.81.0","msg":"Creating table: roles","time":"2024-03-29T08:56:29.674Z","v":0}
{"name":"Log","hostname":"ngaoss-MacBook-Air.local","pid":88974,"level":30,"version":"5.81.0","msg":"Creating table: roles_users","time":"2024-03-29T08:56:29.676Z","v":0}
{"name":"Log","hostname":"ngaoss-MacBook-Air.local","pid":88974,"level":30,"version":"5.81.0","msg":"Creating table: permissions","time":"2024-03-29T08:56:29.677Z","v":0}
{"name":"Log","hostname":"ngaoss-MacBook-Air.local","pid":88974,"level":30,"version":"5.81.0","msg":"Creating table: permissions_users","time":"2024-03-29T08:56:29.679Z","v":0}
{"name":"Log","hostname":"ngaoss-MacBook-Air.local","pid":88974,"level":30,"version":"5.81.0","msg":"Creating table: permissions_roles","time":"2024-03-29T08:56:29.680Z","v":0}
{"name":"Log","hostname":"ngaoss-MacBook-Air.local","pid":88974,"level":30,"version":"5.81.0","msg":"Creating table: settings","time":"2024-03-29T08:56:29.681Z","v":0}
{"name":"Log","hostname":"ngaoss-MacBook-Air.local","pid":88974,"level":30,"version":"5.81.0","msg":"Creating table: tags","time":"2024-03-29T08:56:29.682Z","v":0}
{"name":"Log","hostname":"ngaoss-MacBook-Air.local","pid":88974,"level":30,"version":"5.81.0","msg":"Creating table: posts_tags","time":"2024-03-29T08:56:29.684Z","v":0}
{"name":"Log","hostname":"ngaoss-MacBook-Air.local","pid":88974,"level":30,"version":"5.81.0","msg":"Creating table: invites","time":"2024-03-29T08:56:29.685Z","v":0}
{"name":"Log","hostname":"ngaoss-MacBook-Air.local","pid":88974,"level":30,"version":"5.81.0","msg":"Creating table: brute","time":"2024-03-29T08:56:29.688Z","v":0}
{"name":"Log","hostname":"ngaoss-MacBook-Air.local","pid":88974,"level":30,"version":"5.81.0","msg":"Creating table: sessions","time":"2024-03-29T08:56:29.693Z","v":0}
{"name":"Log","hostname":"ngaoss-MacBook-Air.local","pid":88974,"level":30,"version":"5.81.0","msg":"Creating table: integrations","time":"2024-03-29T08:56:29.696Z","v":0}
{"name":"Log","hostname":"ngaoss-MacBook-Air.local","pid":88974,"level":30,"version":"5.81.0","msg":"Creating table: webhooks","time":"2024-03-29T08:56:29.701Z","v":0}
{"name":"Log","hostname":"ngaoss-MacBook-Air.local","pid":88974,"level":30,"version":"5.81.0","msg":"Creating table: api_keys","time":"2024-03-29T08:56:29.702Z","v":0}
{"name":"Log","hostname":"ngaoss-MacBook-Air.local","pid":88974,"level":30,"version":"5.81.0","msg":"Creating table: mobiledoc_revisions","time":"2024-03-29T08:56:29.704Z","v":0}
{"name":"Log","hostname":"ngaoss-MacBook-Air.local","pid":88974,"level":30,"version":"5.81.0","msg":"Creating table: post_revisions","time":"2024-03-29T08:56:29.706Z","v":0}
{"name":"Log","hostname":"ngaoss-MacBook-Air.local","pid":88974,"level":30,"version":"5.81.0","msg":"Creating table: members","time":"2024-03-29T08:56:29.708Z","v":0}
{"name":"Log","hostname":"ngaoss-MacBook-Air.local","pid":88974,"level":30,"version":"5.81.0","msg":"Creating table: products","time":"2024-03-29T08:56:29.713Z","v":0}
{"name":"Log","hostname":"ngaoss-MacBook-Air.local","pid":88974,"level":30,"version":"5.81.0","msg":"Creating table: offers","time":"2024-03-29T08:56:29.718Z","v":0}
{"name":"Log","hostname":"ngaoss-MacBook-Air.local","pid":88974,"level":30,"version":"5.81.0","msg":"Creating table: benefits","time":"2024-03-29T08:56:29.723Z","v":0}
{"name":"Log","hostname":"ngaoss-MacBook-Air.local","pid":88974,"level":30,"version":"5.81.0","msg":"Creating table: products_benefits","time":"2024-03-29T08:56:29.728Z","v":0}
{"name":"Log","hostname":"ngaoss-MacBook-Air.local","pid":88974,"level":30,"version":"5.81.0","msg":"Creating table: members_products","time":"2024-03-29T08:56:29.731Z","v":0}
{"name":"Log","hostname":"ngaoss-MacBook-Air.local","pid":88974,"level":30,"version":"5.81.0","msg":"Creating table: posts_products","time":"2024-03-29T08:56:29.732Z","v":0}
{"name":"Log","hostname":"ngaoss-MacBook-Air.local","pid":88974,"level":30,"version":"5.81.0","msg":"Creating table: members_created_events","time":"2024-03-29T08:56:29.733Z","v":0}
{"name":"Log","hostname":"ngaoss-MacBook-Air.local","pid":88974,"level":30,"version":"5.81.0","msg":"Creating table: members_cancel_events","time":"2024-03-29T08:56:29.735Z","v":0}
{"name":"Log","hostname":"ngaoss-MacBook-Air.local","pid":88974,"level":30,"version":"5.81.0","msg":"Creating table: members_payment_events","time":"2024-03-29T08:56:29.736Z","v":0}
{"name":"Log","hostname":"ngaoss-MacBook-Air.local","pid":88974,"level":30,"version":"5.81.0","msg":"Creating table: members_login_events","time":"2024-03-29T08:56:29.736Z","v":0}
{"name":"Log","hostname":"ngaoss-MacBook-Air.local","pid":88974,"level":30,"version":"5.81.0","msg":"Creating table: members_email_change_events","time":"2024-03-29T08:56:29.737Z","v":0}
{"name":"Log","hostname":"ngaoss-MacBook-Air.local","pid":88974,"level":30,"version":"5.81.0","msg":"Creating table: members_status_events","time":"2024-03-29T08:56:29.738Z","v":0}
{"name":"Log","hostname":"ngaoss-MacBook-Air.local","pid":88974,"level":30,"version":"5.81.0","msg":"Creating table: members_product_events","time":"2024-03-29T08:56:29.739Z","v":0}
{"name":"Log","hostname":"ngaoss-MacBook-Air.local","pid":88974,"level":30,"version":"5.81.0","msg":"Creating table: members_paid_subscription_events","time":"2024-03-29T08:56:29.740Z","v":0}
{"name":"Log","hostname":"ngaoss-MacBook-Air.local","pid":88974,"level":30,"version":"5.81.0","msg":"Creating table: labels","time":"2024-03-29T08:56:29.741Z","v":0}
{"name":"Log","hostname":"ngaoss-MacBook-Air.local","pid":88974,"level":30,"version":"5.81.0","msg":"Creating table: members_labels","time":"2024-03-29T08:56:29.743Z","v":0}
{"name":"Log","hostname":"ngaoss-MacBook-Air.local","pid":88974,"level":30,"version":"5.81.0","msg":"Creating table: members_stripe_customers","time":"2024-03-29T08:56:29.744Z","v":0}
{"name":"Log","hostname":"ngaoss-MacBook-Air.local","pid":88974,"level":30,"version":"5.81.0","msg":"Creating table: subscriptions","time":"2024-03-29T08:56:29.745Z","v":0}
{"name":"Log","hostname":"ngaoss-MacBook-Air.local","pid":88974,"level":30,"version":"5.81.0","msg":"Creating table: members_stripe_customers_subscriptions","time":"2024-03-29T08:56:29.747Z","v":0}
{"name":"Log","hostname":"ngaoss-MacBook-Air.local","pid":88974,"level":30,"version":"5.81.0","msg":"Creating table: members_subscription_created_events","time":"2024-03-29T08:56:29.749Z","v":0}
{"name":"Log","hostname":"ngaoss-MacBook-Air.local","pid":88974,"level":30,"version":"5.81.0","msg":"Creating table: offer_redemptions","time":"2024-03-29T08:56:29.751Z","v":0}
{"name":"Log","hostname":"ngaoss-MacBook-Air.local","pid":88974,"level":30,"version":"5.81.0","msg":"Creating table: members_subscribe_events","time":"2024-03-29T08:56:29.752Z","v":0}
{"name":"Log","hostname":"ngaoss-MacBook-Air.local","pid":88974,"level":30,"version":"5.81.0","msg":"Creating table: donation_payment_events","time":"2024-03-29T08:56:29.753Z","v":0}
{"name":"Log","hostname":"ngaoss-MacBook-Air.local","pid":88974,"level":30,"version":"5.81.0","msg":"Creating table: stripe_products","time":"2024-03-29T08:56:29.754Z","v":0}
{"name":"Log","hostname":"ngaoss-MacBook-Air.local","pid":88974,"level":30,"version":"5.81.0","msg":"Creating table: stripe_prices","time":"2024-03-29T08:56:29.755Z","v":0}
{"name":"Log","hostname":"ngaoss-MacBook-Air.local","pid":88974,"level":30,"version":"5.81.0","msg":"Creating table: actions","time":"2024-03-29T08:56:29.757Z","v":0}
{"name":"Log","hostname":"ngaoss-MacBook-Air.local","pid":88974,"level":30,"version":"5.81.0","msg":"Creating table: emails","time":"2024-03-29T08:56:29.758Z","v":0}
{"name":"Log","hostname":"ngaoss-MacBook-Air.local","pid":88974,"level":30,"version":"5.81.0","msg":"Creating table: email_batches","time":"2024-03-29T08:56:29.760Z","v":0}
{"name":"Log","hostname":"ngaoss-MacBook-Air.local","pid":88974,"level":30,"version":"5.81.0","msg":"Creating table: email_recipients","time":"2024-03-29T08:56:29.761Z","v":0}
{"name":"Log","hostname":"ngaoss-MacBook-Air.local","pid":88974,"level":30,"version":"5.81.0","msg":"Creating table: email_recipient_failures","time":"2024-03-29T08:56:29.764Z","v":0}
{"name":"Log","hostname":"ngaoss-MacBook-Air.local","pid":88974,"level":30,"version":"5.81.0","msg":"Creating table: tokens","time":"2024-03-29T08:56:29.765Z","v":0}
{"name":"Log","hostname":"ngaoss-MacBook-Air.local","pid":88974,"level":30,"version":"5.81.0","msg":"Creating table: snippets","time":"2024-03-29T08:56:29.767Z","v":0}
{"name":"Log","hostname":"ngaoss-MacBook-Air.local","pid":88974,"level":30,"version":"5.81.0","msg":"Creating table: custom_theme_settings","time":"2024-03-29T08:56:29.770Z","v":0}
{"name":"Log","hostname":"ngaoss-MacBook-Air.local","pid":88974,"level":30,"version":"5.81.0","msg":"Creating table: members_newsletters","time":"2024-03-29T08:56:29.771Z","v":0}
{"name":"Log","hostname":"ngaoss-MacBook-Air.local","pid":88974,"level":30,"version":"5.81.0","msg":"Creating table: comments","time":"2024-03-29T08:56:29.773Z","v":0}
{"name":"Log","hostname":"ngaoss-MacBook-Air.local","pid":88974,"level":30,"version":"5.81.0","msg":"Creating table: comment_likes","time":"2024-03-29T08:56:29.774Z","v":0}
{"name":"Log","hostname":"ngaoss-MacBook-Air.local","pid":88974,"level":30,"version":"5.81.0","msg":"Creating table: comment_reports","time":"2024-03-29T08:56:29.774Z","v":0}
{"name":"Log","hostname":"ngaoss-MacBook-Air.local","pid":88974,"level":30,"version":"5.81.0","msg":"Creating table: jobs","time":"2024-03-29T08:56:29.775Z","v":0}
{"name":"Log","hostname":"ngaoss-MacBook-Air.local","pid":88974,"level":30,"version":"5.81.0","msg":"Creating table: redirects","time":"2024-03-29T08:56:29.777Z","v":0}
{"name":"Log","hostname":"ngaoss-MacBook-Air.local","pid":88974,"level":30,"version":"5.81.0","msg":"Creating table: members_click_events","time":"2024-03-29T08:56:29.777Z","v":0}
{"name":"Log","hostname":"ngaoss-MacBook-Air.local","pid":88974,"level":30,"version":"5.81.0","msg":"Creating table: members_feedback","time":"2024-03-29T08:56:29.778Z","v":0}
{"name":"Log","hostname":"ngaoss-MacBook-Air.local","pid":88974,"level":30,"version":"5.81.0","msg":"Creating table: suppressions","time":"2024-03-29T08:56:29.779Z","v":0}
{"name":"Log","hostname":"ngaoss-MacBook-Air.local","pid":88974,"level":30,"version":"5.81.0","msg":"Creating table: email_spam_complaint_events","time":"2024-03-29T08:56:29.780Z","v":0}
{"name":"Log","hostname":"ngaoss-MacBook-Air.local","pid":88974,"level":30,"version":"5.81.0","msg":"Creating table: mentions","time":"2024-03-29T08:56:29.782Z","v":0}
{"name":"Log","hostname":"ngaoss-MacBook-Air.local","pid":88974,"level":30,"version":"5.81.0","msg":"Creating table: milestones","time":"2024-03-29T08:56:29.783Z","v":0}
{"name":"Log","hostname":"ngaoss-MacBook-Air.local","pid":88974,"level":30,"version":"5.81.0","msg":"Creating table: temp_mail_events","time":"2024-03-29T08:56:29.783Z","v":0}
{"name":"Log","hostname":"ngaoss-MacBook-Air.local","pid":88974,"level":30,"version":"5.81.0","msg":"Creating table: collections","time":"2024-03-29T08:56:29.784Z","v":0}
{"name":"Log","hostname":"ngaoss-MacBook-Air.local","pid":88974,"level":30,"version":"5.81.0","msg":"Creating table: collections_posts","time":"2024-03-29T08:56:29.786Z","v":0}
{"name":"Log","hostname":"ngaoss-MacBook-Air.local","pid":88974,"level":30,"version":"5.81.0","msg":"Creating table: recommendations","time":"2024-03-29T08:56:29.787Z","v":0}
{"name":"Log","hostname":"ngaoss-MacBook-Air.local","pid":88974,"level":30,"version":"5.81.0","msg":"Creating table: recommendation_click_events","time":"2024-03-29T08:56:29.788Z","v":0}
{"name":"Log","hostname":"ngaoss-MacBook-Air.local","pid":88974,"level":30,"version":"5.81.0","msg":"Creating table: recommendation_subscribe_events","time":"2024-03-29T08:56:29.789Z","v":0}
{"name":"Log","hostname":"ngaoss-MacBook-Air.local","pid":88974,"level":30,"version":"5.81.0","msg":"Model: Collection","time":"2024-03-29T08:56:30.079Z","v":0}
{"name":"Log","hostname":"ngaoss-MacBook-Air.local","pid":88974,"level":30,"version":"5.81.0","msg":"Model: Product","time":"2024-03-29T08:56:30.082Z","v":0}
{"name":"Log","hostname":"ngaoss-MacBook-Air.local","pid":88974,"level":30,"version":"5.81.0","msg":"Model: Newsletter","time":"2024-03-29T08:56:30.086Z","v":0}
{"name":"Log","hostname":"ngaoss-MacBook-Air.local","pid":88974,"level":30,"version":"5.81.0","msg":"Model: Tag","time":"2024-03-29T08:56:30.089Z","v":0}
{"name":"Log","hostname":"ngaoss-MacBook-Air.local","pid":88974,"level":30,"version":"5.81.0","msg":"Model: Permission","time":"2024-03-29T08:56:30.091Z","v":0}
{"name":"Log","hostname":"ngaoss-MacBook-Air.local","pid":88974,"level":30,"version":"5.81.0","msg":"Model: Post","time":"2024-03-29T08:56:30.191Z","v":0}
{"name":"Log","hostname":"ngaoss-MacBook-Air.local","pid":88974,"level":30,"version":"5.81.0","msg":"Model: Integration","time":"2024-03-29T08:56:30.530Z","v":0}
{"name":"Log","hostname":"ngaoss-MacBook-Air.local","pid":88974,"level":30,"version":"5.81.0","msg":"Relation: Role to Permission","time":"2024-03-29T08:56:30.555Z","v":0}
{"name":"Log","hostname":"ngaoss-MacBook-Air.local","pid":88974,"level":30,"version":"5.81.0","msg":"Relation: Post to Tag","time":"2024-03-29T08:56:30.671Z","v":0}
{"name":"Log","hostname":"ngaoss-MacBook-Air.local","pid":88974,"level":30,"version":"5.81.0","msg":"Database is in a ready state.","time":"2024-03-29T08:56:30.716Z","v":0}
{"name":"Log","hostname":"ngaoss-MacBook-Air.local","pid":88974,"level":30,"version":"5.81.0","msg":"Ghost database ready in 2.041s","time":"2024-03-29T08:56:30.717Z","v":0}
{"name":"Log","hostname":"ngaoss-MacBook-Air.local","pid":88974,"level":40,"version":"5.81.0","msg":"Missing mail.from config, falling back to a generated email address. Please update your config file and set a valid from address","time":"2024-03-29T08:56:31.114Z","v":0}
{"name":"Log","hostname":"ngaoss-MacBook-Air.local","pid":88974,"level":30,"version":"5.81.0","msg":"Adding offloaded job to the queue","time":"2024-03-29T08:56:32.319Z","v":0}
{"name":"Log","hostname":"ngaoss-MacBook-Air.local","pid":88974,"level":30,"version":"5.81.0","msg":"Scheduling job mentions-email-report at 23 20 * * * *. Next run on: Fri Mar 29 2024 16:20:23 GMT+0700 (Indochina Time)","time":"2024-03-29T08:56:32.328Z","v":0}
{"name":"Log","hostname":"ngaoss-MacBook-Air.local","pid":88974,"level":30,"version":"5.81.0","msg":"Adding one-off job to queue with current length = 0 called 'members-migrations'","time":"2024-03-29T08:56:32.526Z","v":0}
{"name":"Log","hostname":"ngaoss-MacBook-Air.local","pid":88974,"level":30,"version":"5.81.0","msg":"Stripe not configured - skipping migrations","time":"2024-03-29T08:56:32.529Z","v":0}
{"name":"Log","hostname":"ngaoss-MacBook-Air.local","pid":88974,"level":30,"version":"5.81.0","msg":"Ghost URL Service Ready in 4.117s","time":"2024-03-29T08:56:32.793Z","v":0}
{"name":"Log","hostname":"ngaoss-MacBook-Air.local","pid":88974,"level":30,"version":"5.81.0","msg":"Adding offloaded job to the queue","time":"2024-03-29T08:56:33.016Z","v":0}
{"name":"Log","hostname":"ngaoss-MacBook-Air.local","pid":88974,"level":30,"version":"5.81.0","msg":"Scheduling job clean-expired-comped at 49 43 2 * * *. Next run on: Sat Mar 30 2024 02:43:49 GMT+0700 (Indochina Time)","time":"2024-03-29T08:56:33.021Z","v":0}
{"name":"Log","hostname":"ngaoss-MacBook-Air.local","pid":88974,"level":30,"version":"5.81.0","msg":"Adding offloaded job to the queue","time":"2024-03-29T08:56:33.028Z","v":0}
{"name":"Log","hostname":"ngaoss-MacBook-Air.local","pid":88974,"level":30,"version":"5.81.0","msg":"Scheduling job clean-tokens at 5 24 20 * * *. Next run on: Fri Mar 29 2024 20:24:05 GMT+0700 (Indochina Time)","time":"2024-03-29T08:56:33.031Z","v":0}
{"name":"Log","hostname":"ngaoss-MacBook-Air.local","pid":88974,"level":30,"version":"5.81.0","msg":"Ghost booted in 4.538s","time":"2024-03-29T08:56:33.215Z","v":0}
{"name":"Log","hostname":"ngaoss-MacBook-Air.local","pid":88974,"level":30,"version":"5.81.0","msg":"Adding offloaded job to the queue","time":"2024-03-29T08:56:33.217Z","v":0}
{"name":"Log","hostname":"ngaoss-MacBook-Air.local","pid":88974,"level":30,"version":"5.81.0","msg":"Scheduling job update-check at 7 32 8 * * *. Next run on: Sat Mar 30 2024 08:32:07 GMT+0700 (Indochina Time)","time":"2024-03-29T08:56:33.219Z","v":0}
{"name":"Log","hostname":"ngaoss-MacBook-Air.local","pid":88974,"level":30,"version":"5.81.0","msg":"Running milestone emails job on Fri Mar 29 2024 15:56:38 GMT+0700 (Indochina Time)","time":"2024-03-29T08:56:33.225Z","v":0}
